{
  "0 debug pnpm:scope": {
    "selected": 1
  },
  "1 error pnpm": {
    "errno": 1,
    "code": "ELIFECYCLE",
    "pkgid": "arkgen@1.0.0",
    "stage": "web:dev",
    "script": "vite serve ./react",
    "pkgname": "arkgen",
    "err": {
      "name": "pnpm",
      "message": "arkgen@1.0.0 web:dev: `vite serve ./react`\nExit status 1",
      "code": "ELIFECYCLE",
      "stack": "pnpm: arkgen@1.0.0 web:dev: `vite serve ./react`\nExit status 1\n    at EventEmitter.<anonymous> (D:\\nodejs\\node_global\\node_modules\\pnpm\\dist\\pnpm.cjs:103854:20)\n    at EventEmitter.emit (events.js:400:28)\n    at ChildProcess.<anonymous> (D:\\nodejs\\node_global\\node_modules\\pnpm\\dist\\pnpm.cjs:91783:18)\n    at ChildProcess.emit (events.js:400:28)\n    at maybeClose (internal/child_process.js:1058:16)\n    at Process.ChildProcess._handle.onexit (internal/child_process.js:293:5)"
    }
  },
  "2 warn pnpm:global": " Local package.json exists, but node_modules missing, did you mean to install?"
}